This is pdfTeX, Version 3.1415926-1.40.10 (TeX Live 2009) (format=latex 2009.11.7)  28 SEP 2010 23:23
entering extended mode
 %&-line parsing enabled.
**HW2_xxiao2.tex
(./HW2_xxiao2.tex
LaTeX2e <2009/09/24>
Babel <v3.8l> and hyphenation patterns for english, usenglishmax, dumylang, noh
yphenation, german-x-2009-06-19, ngerman-x-2009-06-19, ancientgreek, ibycus, ar
abic, basque, bulgarian, catalan, pinyin, coptic, croatian, czech, danish, dutc
h, esperanto, estonian, farsi, finnish, french, galician, german, ngerman, mono
greek, greek, hungarian, icelandic, indonesian, interlingua, irish, italian, ku
rmanji, latin, latvian, lithuanian, mongolian, mongolian2a, bokmal, nynorsk, po
lish, portuguese, romanian, russian, sanskrit, serbian, slovak, slovenian, span
ish, swedish, turkish, ukenglish, ukrainian, uppersorbian, welsh, loaded.
(/usr/local/texlive/2009/texmf-dist/tex/latex/base/article.cls
Document Class: article 2007/10/19 v1.4h Standard LaTeX document class
(/usr/local/texlive/2009/texmf-dist/tex/latex/base/size10.clo
File: size10.clo 2007/10/19 v1.4h Standard LaTeX file (size option)
)
\c@part=\count79
\c@section=\count80
\c@subsection=\count81
\c@subsubsection=\count82
\c@paragraph=\count83
\c@subparagraph=\count84
\c@figure=\count85
\c@table=\count86
\abovecaptionskip=\skip41
\belowcaptionskip=\skip42
\bibindent=\dimen102
)
(/usr/local/texlive/2009/texmf-dist/tex/latex/amsmath/amsmath.sty
Package: amsmath 2000/07/18 v2.13 AMS math features
\@mathmargin=\skip43

For additional information on amsmath, use the `?' option.
(/usr/local/texlive/2009/texmf-dist/tex/latex/amsmath/amstext.sty
Package: amstext 2000/06/29 v2.01

(/usr/local/texlive/2009/texmf-dist/tex/latex/amsmath/amsgen.sty
File: amsgen.sty 1999/11/30 v2.0
\@emptytoks=\toks14
\ex@=\dimen103
))
(/usr/local/texlive/2009/texmf-dist/tex/latex/amsmath/amsbsy.sty
Package: amsbsy 1999/11/29 v1.2d
\pmbraise@=\dimen104
)
(/usr/local/texlive/2009/texmf-dist/tex/latex/amsmath/amsopn.sty
Package: amsopn 1999/12/14 v2.01 operator names
)
\inf@bad=\count87
LaTeX Info: Redefining \frac on input line 211.
\uproot@=\count88
\leftroot@=\count89
LaTeX Info: Redefining \overline on input line 307.
\classnum@=\count90
\DOTSCASE@=\count91
LaTeX Info: Redefining \ldots on input line 379.
LaTeX Info: Redefining \dots on input line 382.
LaTeX Info: Redefining \cdots on input line 467.
\Mathstrutbox@=\box26
\strutbox@=\box27
\big@size=\dimen105
LaTeX Font Info:    Redeclaring font encoding OML on input line 567.
LaTeX Font Info:    Redeclaring font encoding OMS on input line 568.
\macc@depth=\count92
\c@MaxMatrixCols=\count93
\dotsspace@=\muskip10
\c@parentequation=\count94
\dspbrk@lvl=\count95
\tag@help=\toks15
\row@=\count96
\column@=\count97
\maxfields@=\count98
\andhelp@=\toks16
\eqnshift@=\dimen106
\alignsep@=\dimen107
\tagshift@=\dimen108
\tagwidth@=\dimen109
\totwidth@=\dimen110
\lineht@=\dimen111
\@envbody=\toks17
\multlinegap=\skip44
\multlinetaggap=\skip45
\mathdisplay@stack=\toks18
LaTeX Info: Redefining \[ on input line 2666.
LaTeX Info: Redefining \] on input line 2667.
)
(/usr/local/texlive/2009/texmf-dist/tex/latex/amsfonts/amsfonts.sty
Package: amsfonts 2009/06/22 v3.00 Basic AMSFonts support
\symAMSa=\mathgroup4
\symAMSb=\mathgroup5
LaTeX Font Info:    Overwriting math alphabet `\mathfrak' in version `bold'
(Font)                  U/euf/m/n --> U/euf/b/n on input line 96.
)
(/usr/local/texlive/2009/texmf-dist/tex/latex/amsfonts/amssymb.sty
Package: amssymb 2009/06/22 v3.00
)
(/usr/local/texlive/2009/texmf-dist/tex/latex/graphics/graphicx.sty
Package: graphicx 1999/02/16 v1.0f Enhanced LaTeX Graphics (DPC,SPQR)

(/usr/local/texlive/2009/texmf-dist/tex/latex/graphics/keyval.sty
Package: keyval 1999/03/16 v1.13 key=value parser (DPC)
\KV@toks@=\toks19
)
(/usr/local/texlive/2009/texmf-dist/tex/latex/graphics/graphics.sty
Package: graphics 2009/02/05 v1.0o Standard LaTeX Graphics (DPC,SPQR)

(/usr/local/texlive/2009/texmf-dist/tex/latex/graphics/trig.sty
Package: trig 1999/03/16 v1.09 sin cos tan (DPC)
)
(/usr/local/texlive/2009/texmf-dist/tex/latex/latexconfig/graphics.cfg
File: graphics.cfg 2009/08/28 v1.8 graphics configuration of TeX Live
)
Package graphics Info: Driver file: dvips.def on input line 91.

(/usr/local/texlive/2009/texmf-dist/tex/latex/graphics/dvips.def
File: dvips.def 1999/02/16 v3.0i Driver-dependant file (DPC,SPQR)
))
\Gin@req@height=\dimen112
\Gin@req@width=\dimen113
)
\c@theorem=\count99

(./HW2_xxiao2.aux)
\openout1 = `HW2_xxiao2.aux'.

LaTeX Font Info:    Checking defaults for OML/cmm/m/it on input line 55.
LaTeX Font Info:    ... okay on input line 55.
LaTeX Font Info:    Checking defaults for T1/cmr/m/n on input line 55.
LaTeX Font Info:    ... okay on input line 55.
LaTeX Font Info:    Checking defaults for OT1/cmr/m/n on input line 55.
LaTeX Font Info:    ... okay on input line 55.
LaTeX Font Info:    Checking defaults for OMS/cmsy/m/n on input line 55.
LaTeX Font Info:    ... okay on input line 55.
LaTeX Font Info:    Checking defaults for OMX/cmex/m/n on input line 55.
LaTeX Font Info:    ... okay on input line 55.
LaTeX Font Info:    Checking defaults for U/cmr/m/n on input line 55.
LaTeX Font Info:    ... okay on input line 55.
LaTeX Font Info:    Try loading font information for U+msa on input line 82.

(/usr/local/texlive/2009/texmf-dist/tex/latex/amsfonts/umsa.fd
File: umsa.fd 2009/06/22 v3.00 AMS symbols A
)
LaTeX Font Info:    Try loading font information for U+msb on input line 82.

(/usr/local/texlive/2009/texmf-dist/tex/latex/amsfonts/umsb.fd
File: umsb.fd 2009/06/22 v3.00 AMS symbols B
)
Underfull \hbox (badness 10000) in paragraph at lines 81--88

 []


Overfull \hbox (6.34193pt too wide) in paragraph at lines 104--118
\OT1/cmr/m/n/10 Conclusion: $\OML/cmm/m/it/10 house\OT1/cmr/m/n/10 (\OML/cmm/m/
it/10 houseof\OT1/cmr/m/n/10 (\OML/cmm/m/it/10 john\OT1/cmr/m/n/10 )\OML/cmm/m/
it/10 ; john\OT1/cmr/m/n/10 ) \OMS/cmsy/m/n/10 ^ \OML/cmm/m/it/10 lotofwork\OT1
/cmr/m/n/10 (\OML/cmm/m/it/10 houseof\OT1/cmr/m/n/10 (\OML/cmm/m/it/10 john\OT1
/cmr/m/n/10 ))$ 
 []


Overfull \hbox (51.32857pt too wide) in paragraph at lines 104--118
[] 
 []

[1

]
LaTeX Font Info:    Try loading font information for OMS+cmr on input line 123.

 (/usr/local/texlive/2009/texmf-dist/tex/latex/base/omscmr.fd
File: omscmr.fd 1999/05/25 v2.5h Standard LaTeX font definitions
)
LaTeX Font Info:    Font shape `OMS/cmr/m/n' in size <10> not available
(Font)              Font shape `OMS/cmsy/m/n' tried instead on input line 123.

Underfull \hbox (badness 10000) in paragraph at lines 132--141

 []


Underfull \hbox (badness 10000) in paragraph at lines 146--147

 []


Underfull \hbox (badness 10000) in paragraph at lines 148--149

 []


Underfull \hbox (badness 10000) in paragraph at lines 149--150

 []


Underfull \hbox (badness 10000) in paragraph at lines 151--152

 []


Underfull \hbox (badness 10000) in paragraph at lines 153--154

 []

[2]
Underfull \hbox (badness 10000) in paragraph at lines 155--156

 []


Underfull \hbox (badness 10000) in paragraph at lines 160--161

 []


Underfull \hbox (badness 10000) in paragraph at lines 162--163

 []


Underfull \hbox (badness 10000) in paragraph at lines 165--166

 []


Underfull \hbox (badness 10000) in paragraph at lines 167--168

 []


Underfull \hbox (badness 10000) in paragraph at lines 169--170

 []


Underfull \hbox (badness 10000) in paragraph at lines 172--173

 []


Underfull \hbox (badness 10000) in paragraph at lines 174--175

 []


Underfull \hbox (badness 10000) in paragraph at lines 176--177

 []


Underfull \hbox (badness 10000) in paragraph at lines 178--179

 []

File: state1-15.eps Graphic file (type eps)
<state1-15.eps>

LaTeX Warning: `h' float specifier changed to `ht'.

[3]
Underfull \hbox (badness 10000) in paragraph at lines 209--210

 []


Underfull \hbox (badness 10000) in paragraph at lines 217--219

 []


Underfull \hbox (badness 10000) in paragraph at lines 222--224

 []

File: romania.eps Graphic file (type eps)
<romania.eps>
Overfull \hbox (39.38344pt too wide) in paragraph at lines 233--235
 [][] 
 []


LaTeX Warning: `h' float specifier changed to `ht'.

[4]
Overfull \hbox (5.38388pt too wide) in paragraph at lines 247--248
[]\OT1/cmr/m/n/10 arad timisoara lu-goj meha-dia do-breta craiova rimnicu[]vilc
ea
 []


Overfull \hbox (5.38388pt too wide) in paragraph at lines 248--249
[]\OT1/cmr/m/n/10 arad timisoara lu-goj meha-dia do-breta craiova rimnicu[]vilc
ea
 []


Overfull \hbox (34.88393pt too wide) in paragraph at lines 249--250
[]\OT1/cmr/m/n/10 arad timisoara lu-goj meha-dia do-breta craiova pitesti rimni
cu[]vilcea
 []


Overfull \hbox (15.2283pt too wide) in paragraph at lines 250--251
[]\OT1/cmr/m/n/10 arad timisoara lu-goj meha-dia do-breta craiova pitesti bucha
rest 
 []


Overfull \hbox (20.5227pt too wide) in paragraph at lines 254--255
[]\OT1/cmr/m/n/10 arad zerind oradea sibiu rimnicu[]vilcea craiova pitesti buch
arest 
 []

[5]
Overfull \hbox (6.88382pt too wide) in paragraph at lines 274--275
[]\OT1/cmr/m/n/10 bucharest fa-garas sibiu rimnicu[]vilcea craiova do-breta meh
a-
 []


Underfull \hbox (badness 10000) in paragraph at lines 288--289

 []


Overfull \hbox (27.42476pt too wide) in paragraph at lines 290--291
[]\OT1/cmr/m/n/10 Yes. In a path ``arad timisoara lu-goj meha-dia do-breta crai
ova rimnicu[]vilcea
 []


Underfull \hbox (badness 10000) in paragraph at lines 292--293

 []


Underfull \hbox (badness 10000) in paragraph at lines 296--297

 []

[6]
Overfull \hbox (29.81165pt too wide) in paragraph at lines 329--330
\OT1/cmr/m/n/10 Fa-garas, Bucharest, Rimnice ViL-Cea, Craiova, Pitesti, Zerind,
Arad,
 []


Overfull \hbox (5.90889pt too wide) in paragraph at lines 346--348
\OT1/cmr/m/n/10 Timisoara,Luogj, Zerind, Fa-garas, Bucharest, Giurgiu, Pitesti,

 []


Overfull \hbox (27.86722pt too wide) in paragraph at lines 346--348
\OT1/cmr/m/n/10 Bucharest, Zerind,Arad, Sibiu, Fa-garas, Rimnice Vil-cea, Timis
oara,
 []

[7]
Overfull \hbox (5.97635pt too wide) in paragraph at lines 348--365
[]$ 
 []


Overfull \hbox (2.68968pt too wide) in paragraph at lines 348--365
[]$ 
 []


Overfull \hbox (4.4159pt too wide) in paragraph at lines 348--365
[]$ 
 []


Overfull \hbox (3.81363pt too wide) in paragraph at lines 348--365
[]$ 
 []


Overfull \hbox (7.36803pt too wide) in paragraph at lines 348--365
[]$ 
 []

[8] (./HW2_xxiao2.aux) ) 
Here is how much of TeX's memory you used:
 1484 strings out of 493849
 17207 string characters out of 3149230
 70904 words of memory out of 3000000
 4785 multiletter control sequences out of 15000+200000
 5647 words of font info for 23 fonts, out of 3000000 for 9000
 714 hyphenation exceptions out of 8191
 27i,9n,22p,504b,417s stack positions out of 5000i,500n,10000p,200000b,50000s

Output written on HW2_xxiao2.dvi (8 pages, 20424 bytes).
