This is pdfTeX, Version 3.1415926-1.40.10 (MiKTeX 2.8) (preloaded format=latex 2010.1.15)  10 MAR 2010 22:30
entering extended mode
**main.tex
("C:\Documents and Settings\Xi Ge\My Documents\707\project3\main.tex"
LaTeX2e <2009/09/24>
Babel <v3.8l> and hyphenation patterns for english, dumylang, nohyphenation, ge
rman, ngerman, german-x-2009-06-19, ngerman-x-2009-06-19, french, loaded.
("d:\Program Files\MiKTeX 2.8\tex\latex\base\article.cls"
Document Class: article 2007/10/19 v1.4h Standard LaTeX document class
("d:\Program Files\MiKTeX 2.8\tex\latex\base\size10.clo"
File: size10.clo 2007/10/19 v1.4h Standard LaTeX file (size option)
)
\c@part=\count79
\c@section=\count80
\c@subsection=\count81
\c@subsubsection=\count82
\c@paragraph=\count83
\c@subparagraph=\count84
\c@figure=\count85
\c@table=\count86
\abovecaptionskip=\skip41
\belowcaptionskip=\skip42
\bibindent=\dimen102
)
("C:\Documents and Settings\Xi Ge\My Documents\707\project3\latex8.sty"
IEEE 8.5 x 11-Inch Proceedings Style `latex8.sty'.
\@ctmp=\skip43
\@figindent=\skip44
) ("d:\Program Files\MiKTeX 2.8\tex\latex\psnfss\times.sty"
Package: times 2005/04/12 PSNFSS-v9.2a (SPQR) 
)
("d:\Program Files\MiKTeX 2.8\tex\latex\ltxmisc\url.sty"
\Urlmuskip=\muskip10
Package: url 2006/04/12  ver 3.3  Verb mode for urls, etc.
)
("d:\Program Files\MiKTeX 2.8\tex\latex\graphics\graphicx.sty"
Package: graphicx 1999/02/16 v1.0f Enhanced LaTeX Graphics (DPC,SPQR)

("d:\Program Files\MiKTeX 2.8\tex\latex\graphics\keyval.sty"
Package: keyval 1999/03/16 v1.13 key=value parser (DPC)
\KV@toks@=\toks14
)
("d:\Program Files\MiKTeX 2.8\tex\latex\graphics\graphics.sty"
Package: graphics 2009/02/05 v1.0o Standard LaTeX Graphics (DPC,SPQR)

("d:\Program Files\MiKTeX 2.8\tex\latex\graphics\trig.sty"
Package: trig 1999/03/16 v1.09 sin cos tan (DPC)
)
("d:\Program Files\MiKTeX 2.8\tex\latex\00miktex\graphics.cfg"
File: graphics.cfg 2007/01/18 v1.5 graphics configuration of teTeX/TeXLive
)
Package graphics Info: Driver file: dvips.def on input line 91.

("d:\Program Files\MiKTeX 2.8\tex\latex\graphics\dvips.def"
File: dvips.def 1999/02/16 v3.0i Driver-dependant file (DPC,SPQR)
))
\Gin@req@height=\dimen103
\Gin@req@width=\dimen104
)

LaTeX Warning: Unused global option(s):
    [times].

("C:\Documents and Settings\Xi Ge\My Documents\707\project3\main.aux")
LaTeX Font Info:    Checking defaults for OML/cmm/m/it on input line 26.
LaTeX Font Info:    ... okay on input line 26.
LaTeX Font Info:    Checking defaults for T1/cmr/m/n on input line 26.
LaTeX Font Info:    ... okay on input line 26.
LaTeX Font Info:    Checking defaults for OT1/cmr/m/n on input line 26.
LaTeX Font Info:    ... okay on input line 26.
LaTeX Font Info:    Checking defaults for OMS/cmsy/m/n on input line 26.
LaTeX Font Info:    ... okay on input line 26.
LaTeX Font Info:    Checking defaults for OMX/cmex/m/n on input line 26.
LaTeX Font Info:    ... okay on input line 26.
LaTeX Font Info:    Checking defaults for U/cmr/m/n on input line 26.
LaTeX Font Info:    ... okay on input line 26.
LaTeX Font Info:    Try loading font information for OT1+ptm on input line 26.

("d:\Program Files\MiKTeX 2.8\tex\latex\psnfss\ot1ptm.fd"
File: ot1ptm.fd 2001/06/04 font definitions for OT1/ptm.
)
LaTeX Font Info:    Font shape `OT1/ptm/bx/n' in size <14.4> not available
(Font)              Font shape `OT1/ptm/b/n' tried instead on input line 27.
LaTeX Font Info:    External font `cmex10' loaded for size
(Font)              <12> on input line 27.
LaTeX Font Info:    External font `cmex10' loaded for size
(Font)              <8> on input line 27.
LaTeX Font Info:    External font `cmex10' loaded for size
(Font)              <6> on input line 27.
LaTeX Font Info:    Font shape `OT1/ptm/bx/n' in size <12> not available
(Font)              Font shape `OT1/ptm/b/n' tried instead on input line 31.

("C:\Documents and Settings\Xi Ge\My Documents\707\project3\introduction.tex")
("C:\Documents and Settings\Xi Ge\My Documents\707\project3\prune.tex" [1

]
File: fig/la.eps Graphic file (type eps)

<fig/la.eps>
LaTeX Font Info:    External font `cmex10' loaded for size
(Font)              <7> on input line 18.
LaTeX Font Info:    External font `cmex10' loaded for size
(Font)              <5> on input line 18.
File: fig/mcd.eps Graphic file (type eps)
 <fig/mcd.eps>
File: fig/mcd2.eps Graphic file (type eps)
 <fig/mcd2.eps> [2]
File: fig/sf.eps Graphic file (type eps)
 <fig/sf.eps> [3])
("C:\Documents and Settings\Xi Ge\My Documents\707\project3\fitness.tex"
File: XiFitnessEPS.eps Graphic file (type eps)

<XiFitnessEPS.eps>
LaTeX Font Info:    Try loading font information for OMS+ptm on input line 9.
 ("d:\Program Files\MiKTeX 2.8\tex\latex\psnfss\omsptm.fd"
File: omsptm.fd 
)
LaTeX Font Info:    Font shape `OMS/ptm/m/n' in size <10> not available
(Font)              Font shape `OMS/cmsy/m/n' tried instead on input line 9.
LaTeX Font Info:    Font shape `OT1/ptm/bx/n' in size <10> not available
(Font)              Font shape `OT1/ptm/b/n' tried instead on input line 13.

Underfull \hbox (badness 10000) in paragraph at lines 2--14

 []

[4]
Underfull \hbox (badness 10000) in paragraph at lines 25--26

 []

) [5] ("C:\Documents and Settings\Xi Ge\My Documents\707\project3\selective.tex
") ("C:\Documents and Settings\Xi Ge\My Documents\707\project3\history.tex")
("C:\Documents and Settings\Xi Ge\My Documents\707\project3\main.bbl" [6])
[7] ("C:\Documents and Settings\Xi Ge\My Documents\707\project3\main.aux") ) 
Here is how much of TeX's memory you used:
 764 strings out of 495286
 10268 string characters out of 3180363
 63982 words of memory out of 3000000
 3978 multiletter control sequences out of 15000+200000
 11353 words of font info for 33 fonts, out of 3000000 for 9000
 14 hyphenation exceptions out of 8191
 25i,7n,19p,1446b,254s stack positions out of 5000i,500n,10000p,200000b,50000s

Output written on main.dvi (7 pages, 37544 bytes).
