output from file: test1.out 
Loading file: generated/test1.tm
Number of instructions executed = 5
output from file: test2.out 
Loading file: generated/test2.tm
Number of instructions executed = 5
output from file: test3.out 
Loading file: generated/test3.tm
9 
Number of instructions executed = 7
output from file: test4.out 
Loading file: generated/test4.tm
21 Number of instructions executed = 6
output from file: test5.out 
Loading file: generated/test5.tm
3 
Number of instructions executed = 16
output from file: test6.out 
Loading file: generated/test6.tm
-1 
Number of instructions executed = 16
output from file: test7.out 
Loading file: generated/test7.tm
6 
Number of instructions executed = 16
output from file: test8.out 
Loading file: generated/test8.tm
3 
Number of instructions executed = 16
output from file: test9.out 
Loading file: generated/test9.tm
-10 
Number of instructions executed = 8
output from file: test10.out 
Loading file: generated/test10.tm
1 
0 
Number of instructions executed = 10
output from file: test11.out 
Loading file: generated/test11.tm
1 
0 
Number of instructions executed = 33
output from file: test12.out 
Loading file: generated/test12.tm
0 
1 
Number of instructions executed = 31
output from file: test13.out 
Loading file: generated/test13.tm
0 
1 
Number of instructions executed = 33
output from file: test14.out 
Loading file: generated/test14.tm
0 
1 
Number of instructions executed = 33
output from file: test15.out 
Loading file: generated/test15.tm
1 
0 
Number of instructions executed = 33
output from file: test16.out 
Loading file: generated/test16.tm
1 
0 
Number of instructions executed = 33
output from file: test17.out 
Loading file: generated/test17.tm
0 
1 
Number of instructions executed = 15
output from file: test18.out 
Loading file: generated/test18.tm
0 
1 
1 
1 
Number of instructions executed = 41
output from file: test19.out 
Loading file: generated/test19.tm
0 
1 
0 
0 
Number of instructions executed = 45
output from file: test20.out 
Loading file: generated/test20.tm
1 
0 
Number of instructions executed = 33
output from file: test21.out 
Loading file: generated/test21.tm
0 
1 
Number of instructions executed = 31
output from file: test22.out 
Loading file: generated/test22.tm
0 
10 
1 
1 
Number of instructions executed = 142
output from file: test23.out 
Loading file: generated/test23.tm
1 
3 
Number of instructions executed = 14
output from file: test24.out 
Loading file: generated/test24.tm
1 
2 
Number of instructions executed = 23
output from file: test25.out 
Loading file: generated/test25.tm
2 
3 
1 
3 
Number of instructions executed = 30
output from file: test26.out 
Loading file: generated/test26.tm
3 
4 
1 
4 
2 
4 
Number of instructions executed = 105
output from file: test27.out 
Loading file: generated/test27.tm
1 
Number of instructions executed = 9
output from file: test28.out 
Loading file: generated/test28.tm
2 
3 
1 
3 
Number of instructions executed = 44
output from file: test29.out 
Loading file: generated/test29.tm
1 
5 
2 
5 
3 
5 
4 
5 
Number of instructions executed = 154
output from file: test30.out 
Loading file: generated/test30.tm
Number of instructions executed = 5
output from file: test31.out 
Loading file: generated/test31.tm
Hi There
Number of instructions executed = 61
output from file: test32.out 
Loading file: generated/test32.tm
2 
-2 
-2 
2 
0 
Number of instructions executed = 78
output from file: test33.out 
Loading file: generated/test33.tm
1 
Number of instructions executed = 40
output from file: test34.out 
Loading file: generated/test34.tm
0 
1 
1 
0 
Hi
There
Number of instructions executed = 122
output from file: test35.out 
Loading file: generated/test35.tm
0 
1 
2 
3 
4 
Number of instructions executed = 203
output from file: test36.out 
Loading file: generated/test36.tm
1 
Number of instructions executed = 22
output from file: test37.out 
Loading file: generated/test37.tm
Number of instructions executed = 19
output from file: test38.out 
Loading file: generated/test38.tm
1 
1 
Number of instructions executed = 40
output from file: test39.out 
Loading file: generated/test39.tm
1 
1 
1 
1 
1 
Number of instructions executed = 278
output from file: test40.out 
Loading file: generated/test40.tm
2 
1 
Number of instructions executed = 40
output from file: test41.out 
Loading file: generated/test41.tm
1 
1 
Hi
Number of instructions executed = 60
output from file: test42.out 
Loading file: generated/test42.tm
16 
0 
Number of instructions executed = 87
output from file: test43.out 
Loading file: generated/test43.tm
32 
16 
0 
Number of instructions executed = 206
output from file: test44.out 
Loading file: generated/test44.tm
66 
66 
Number of instructions executed = 38
output from file: test45.out 
Loading file: generated/test45.tm
1 
0 
Number of instructions executed = 162
output from file: test46.out 
Loading file: generated/test46.tm
m > 4 || m <= 2
m <= 4 && m > 2
m > 4 || m <= 2
6 
0 
Number of instructions executed = 691
output from file: test47.out 
Loading file: generated/test47.tm
12 
Number of instructions executed = 184
output from file: test48.out 
Loading file: generated/test48.tm
12 
Number of instructions executed = 56
output from file: test49.out 
Loading file: generated/test49.tm
1 
3 
Number of instructions executed = 26
output from file: test50.out 
Loading file: generated/test50.tm
1 
2 
4 
Number of instructions executed = 61
output from file: test51.out 
Loading file: generated/test51.tm
1 
2 
4 
Number of instructions executed = 105
output from file: test52.out 
Loading file: generated/test52.tm
2 
3 
4 
Number of instructions executed = 21
output from file: test53.out 
Loading file: generated/test53.tm
2 
3 
4 
Number of instructions executed = 85
output from file: test54.out 
Loading file: generated/test54.tm
2 
3 
4 
Number of instructions executed = 108
output from file: test55.out 
Loading file: generated/test55.tm
2 
3 
5 
Number of instructions executed = 103
output from file: test56.out 
Loading file: generated/test56.tm
1 
Number of instructions executed = 7
output from file: test57.out 
Loading file: generated/test57.tm
1 
2 
3 
4 
5 
6 
11 
Number of instructions executed = 243
output from file: test58.out 
Loading file: generated/test58.tm
1 
2 
3 
4 
5 
6 
11 
Number of instructions executed = 266
output from file: test59.out 
Loading file: generated/test59.tm
0 
1 
2 
6 
Number of instructions executed = 191
output from file: test60.out 
Loading file: generated/test60.tm
0 
1 
2 
6 
Number of instructions executed = 210
output from file: test61.out 
Loading file: generated/test61.tm
3 
2 
Number of instructions executed = 60
output from file: test62.out 
Loading file: generated/test62.tm
3 
2 
3 
1 
Number of instructions executed = 152
output from file: test63.out 
Loading file: generated/test63.tm
0 
1 
2 
3 
4 
5 
Number of instructions executed = 435
output from file: test64.out 
Loading file: generated/test64.tm
3 
1 
4 
Number of instructions executed = 102
output from file: test65.out 
Loading file: generated/test65.tm
3 
1 
4 
3 
0 
3 
Number of instructions executed = 230
output from file: test66.out 
Loading file: generated/test66.tm
3 
2 
1 
0 
Number of instructions executed = 201
output from file: test67.out 
Loading file: generated/test67.tm
3 
2 
1 
0 
-1 
-2 
-3 
-4 
Number of instructions executed = 621
output from file: test68.out 
Loading file: generated/test68.tm
13 
16 
Number of instructions executed = 195
output from file: test69.out 
Loading file: generated/test69.tm
-10 
10 
10 
1 
0 
0 
0 
Number of instructions executed = 4403
output from file: test70.out 
Loading file: generated/test70.tm
-10 
10 
10 
1 
0 
0 
0 
Number of instructions executed = 608
output from file: test71.out 
Loading file: generated/test71.tm
Arrays bounds violation
Number of instructions executed = 158
output from file: test72.out 
Loading file: generated/test72.tm
Arrays bounds violation
Number of instructions executed = 164
output from file: test73.out 
Loading file: generated/test73.tm
Arrays bounds violation
Number of instructions executed = 175
output from file: test74.out 
Loading file: generated/test74.tm
Arrays bounds violation
Number of instructions executed = 177
output from file: test75.out 
Loading file: generated/test75.tm
Arrays bounds violation
Number of instructions executed = 173
output from file: test76.out 
Loading file: generated/test76.tm
Arrays bounds violation
Number of instructions executed = 164
output from file: test77.out 
Loading file: generated/test77.tm
Arrays bounds violation
Number of instructions executed = 177
output from file: test78.out 
Loading file: generated/test78.tm
Arrays bounds violation
Number of instructions executed = 194
output from file: test79.out 
Loading file: generated/test79.tm
Number of instructions executed = 4
output from file: test80.out 
Loading file: generated/test80.tm
3 
13 
13 
1 
1 
1 
Number of instructions executed = 89
output from file: test81.out 
Loading file: generated/test81.tm
4 
504 
24 
0 
0 
0 
Number of instructions executed = 120
output from file: test82.out 
Loading file: generated/test82.tm
-14 
1 
3 
Number of instructions executed = 67
output from file: test83.out 
Loading file: generated/test83.tm
3 
9 
Number of instructions executed = 55
output from file: test84.out 
Loading file: generated/test84.tm
1 
0 
0 
Number of instructions executed = 60
output from file: test85.out 
Loading file: generated/test85.tm
1 
0 
0 
Number of instructions executed = 55
output from file: test86.out 
Loading file: generated/test86.tm
0 
Number of instructions executed = 19
output from file: test87.out 
Loading file: generated/test87.tm
1 
Number of instructions executed = 18
output from file: test88.out 
Loading file: generated/test88.tm
1 
Number of instructions executed = 18
output from file: test89.out 
Loading file: generated/test89.tm
1 
Number of instructions executed = 18
output from file: test90.out 
Loading file: generated/test90.tm
0 
0 
1 
Number of instructions executed = 68
output from file: test91.out 
Loading file: generated/test91.tm
1 
0 
1 
Number of instructions executed = 24
output from file: test92.out 
Loading file: generated/test92.tm
9 
1 
Number of instructions executed = 33
output from file: test93.out 
Loading file: generated/test93.tm
1 
0 
1 
1 
0 
1 
1 
Number of instructions executed = 246
output from file: test94.out 
Loading file: generated/test94.tm
7 

Hi there
Number of instructions executed = 83
output from file: test95.out 
Loading file: generated/test95.tm
12  Hi ThereNumber of instructions executed = 77
output from file: test96.out 
Loading file: generated/test96.tm
1 
1 
Hi
Number of instructions executed = 74
output from file: test97.out 
Loading file: generated/test97.tm
Number of instructions executed = 4
output from file: test98.out 
Loading file: generated/test98.tm
first
second
Number of instructions executed = 82
output from file: test99.out 
Loading file: generated/test99.tm
first
second
Number of instructions executed = 83
output from file: test100.out 
Loading file: generated/test100.tm
first
second
Number of instructions executed = 93
output from file: test101.out 
Loading file: generated/test101.tm
second
third
Number of instructions executed = 84
output from file: test102.out 
Loading file: generated/test102.tm
third
fourth
Number of instructions executed = 97
output from file: test103.out 
Loading file: generated/test103.tm
1 
2 
3 
4 
5 
Number of instructions executed = 203
output from file: test104.out 
Loading file: generated/test104.tm
0 
1 
2 
3 
after break
Number of instructions executed = 218
output from file: test105.out 
Loading file: generated/test105.tm
0 
1 
2 
end
Number of instructions executed = 160
output from file: test106.out 
Loading file: generated/test106.tm
0 
1 
Number of instructions executed = 66
output from file: test107.out 
Loading file: generated/test107.tm
10 
11 
Number of instructions executed = 95
output from file: test108.out 
Loading file: generated/test108.tm
0 
1 
Number of instructions executed = 66
output from file: test109.out 
Loading file: generated/test109.tm
0 
Number of instructions executed = 32
output from file: test110.out 
Loading file: generated/test110.tm
0  0 
0  1 
after break
Number of instructions executed = 186
output from file: test111.out 
Loading file: generated/test111.tm
0 
1 
2 
3 
4 
4 
Number of instructions executed = 394
output from file: test112.out 
Loading file: generated/test112.tm
0  0 
1  1 
0 
0  0 
1  1 
1 
Number of instructions executed = 238
output from file: test113.out 
Loading file: generated/test113.tm
11 
Number of instructions executed = 32
output from file: test114.out 
Loading file: generated/test114.tm
0 
Number of instructions executed = 47
output from file: test115.out 
Loading file: generated/test115.tm
outer
outer
Number of instructions executed = 180
output from file: test116.out 
Loading file: generated/test116.tm
0 
1 
2 
6 
Number of instructions executed = 156
output from file: test117.out 
Loading file: generated/test117.tm
0 
1 
2 
3 
4 
6 
Number of instructions executed = 307
output from file: test118.out 
Loading file: generated/test118.tm
1 
Number of instructions executed = 16
output from file: test119.out 
Loading file: generated/test119.tm
1 
Number of instructions executed = 98
output from file: test120.out 
Loading file: generated/test120.tm
1 
Number of instructions executed = 98
output from file: test121.out 
Loading file: generated/test121.tm
3 
Number of instructions executed = 78
output from file: test122.out 
Loading file: generated/test122.tm
7 
Number of instructions executed = 48
output from file: test123.out 
Loading file: generated/test123.tm
7 
Number of instructions executed = 48
output from file: test124.out 
Loading file: generated/test124.tm
1 
-1 
Number of instructions executed = 109
output from file: test125.out 
Loading file: generated/test125.tm
13 
Number of instructions executed = 48
output from file: test126.out 
Loading file: generated/test126.tm
127 
Number of instructions executed = 78
output from file: test127.out 
Loading file: generated/test127.tm
0 
1 
1 
Number of instructions executed = 40
output from file: test128.out 
Loading file: generated/test128.tm
1 
Number of instructions executed = 89
output from file: test129.out 
Loading file: generated/test129.tm
0 
1 
2 
Number of instructions executed = 139
output from file: test130.out 
Loading file: generated/test130.tm
0 
1 
2 
Number of instructions executed = 139
output from file: test131.out 
Loading file: generated/test131.tm
3 
Number of instructions executed = 91
output from file: test132.out 
Loading file: generated/test132.tm
3 
Number of instructions executed = 82
output from file: test133.out 
Loading file: generated/test133.tm
5 
Number of instructions executed = 37
output from file: test134.out 
Loading file: generated/test134.tm
Hi
Number of instructions executed = 51
output from file: test135.out 
Loading file: generated/test135.tm
Hi
Number of instructions executed = 72
output from file: test137.out 
Loading file: generated/test137.tm
1 
1 
Number of instructions executed = 28
output from file: test138.out 
Loading file: generated/test138.tm
1 
1 
Number of instructions executed = 47
output from file: test139.out 
Loading file: generated/test139.tm
1 
0 
Number of instructions executed = 233
output from file: test140.out 
Loading file: generated/test140.tm
5
5 
Number of instructions executed = 111
output from file: test141.out 
Loading file: generated/test141.tm
b
a
b
a
b
a
b
a
b
a
a
b
a
b
a
b
a
b
a
b
a
Number of instructions executed = 1084
output from file: test142.out 
Loading file: generated/test142.tm
1 
2 
3 
4 
5 
1 
1 
1 
1 
Number of instructions executed = 181
output from file: test143.out 
Loading file: generated/test143.tm
1 
2 
3 
4 
5 
1 
1 
1 
1 
Number of instructions executed = 112
output from file: test144.out 
Loading file: generated/test144.tm
3 
Number of instructions executed = 202
output from file: test145.out 
Loading file: generated/test145.tm
1 
0 
Number of instructions executed = 49
output from file: test146.out 
Loading file: generated/test146.tm
1 
0 
Number of instructions executed = 47
output from file: test147.out 
Loading file: generated/test147.tm
8 
1 
Number of instructions executed = 62
output from file: test148.out 
Loading file: generated/test148.tm
0 
1 
1 
Hi
Number of instructions executed = 69
output from file: test149.out 
Loading file: generated/test149.tm
20 
0 
Number of instructions executed = 58
output from file: test150.out 
Loading file: generated/test150.tm
4 
Number of instructions executed = 129
output from file: test151.out 
Loading file: generated/test151.tm
3 
Number of instructions executed = 35
output from file: test152.out 
Loading file: generated/test152.tm
17 
17 
16 
17 
16 
15 
17 
16 
15 
14 
Number of instructions executed = 894
output from file: test153.out 
Loading file: generated/test153.tm
0 
0 1 
1 
0 1 
Number of instructions executed = 270
output from file: test154.out 
Loading file: generated/test154.tm
6 
Number of instructions executed = 44
output from file: test155.out 
Loading file: generated/test155.tm
1 
5 
6 
Number of instructions executed = 151
